<?xml version="1.0" encoding="UTF-8"?>
<!-- Generated by org.testng.reporters.JUnitXMLReporter -->
<testsuite ignored="12" hostname="DESKTOP-R68JM05" failures="0" tests="1" name="Default test" time="0.092" errors="0" timestamp="2025-11-01T20:56:59 IST">
  <testcase classname="demo.orangehrm.framework.base.BasePage" name="@BeforeMethod setUpBrowser" time="-1.76201081982E9">
    <failure type="org.testng.TestNGException" message="
Parameter &amp;apos;BROWSER&amp;apos; is required by BeforeMethod on method setUpBrowser but has not been marked @Optional or defined
in C:\Users\ASUS\AppData\Local\Temp\testng-eclipse--1333131341\testng-customsuite.xml">
      <![CDATA[org.testng.TestNGException: 
Parameter 'BROWSER' is required by BeforeMethod on method setUpBrowser but has not been marked @Optional or defined
in C:\Users\ASUS\AppData\Local\Temp\testng-eclipse--1333131341\testng-customsuite.xml
at org.testng.internal.Parameters.createParams(Parameters.java:267)
at org.testng.internal.Parameters.createParametersForMethod(Parameters.java:355)
at org.testng.internal.Parameters.createParameters(Parameters.java:693)
at org.testng.internal.Parameters.createConfigurationParameters(Parameters.java:166)
at org.testng.internal.invokers.ConfigInvoker.invokeConfigurations(ConfigInvoker.java:306)
at org.testng.internal.invokers.TestInvoker.runConfigMethods(TestInvoker.java:810)
at org.testng.internal.invokers.TestInvoker.invokeMethod(TestInvoker.java:578)
at org.testng.internal.invokers.TestInvoker.invokeTestMethod(TestInvoker.java:228)
at org.testng.internal.invokers.MethodRunner.runInSequence(MethodRunner.java:63)
at org.testng.internal.invokers.TestInvoker$MethodInvocationAgent.invoke(TestInvoker.java:961)
at org.testng.internal.invokers.TestInvoker.invokeTestMethods(TestInvoker.java:201)
at org.testng.internal.invokers.TestMethodWorker.invokeTestMethods(TestMethodWorker.java:148)
at org.testng.internal.invokers.TestMethodWorker.run(TestMethodWorker.java:128)
at java.base/java.util.ArrayList.forEach(ArrayList.java:1511)
at org.testng.TestRunner.privateRun(TestRunner.java:819)
at org.testng.TestRunner.run(TestRunner.java:619)
at org.testng.SuiteRunner.runTest(SuiteRunner.java:443)
at org.testng.SuiteRunner.runSequentially(SuiteRunner.java:437)
at org.testng.SuiteRunner.privateRun(SuiteRunner.java:397)
at org.testng.SuiteRunner.run(SuiteRunner.java:336)
at org.testng.SuiteRunnerWorker.runSuite(SuiteRunnerWorker.java:52)
at org.testng.SuiteRunnerWorker.run(SuiteRunnerWorker.java:95)
at org.testng.TestNG.runSuitesSequentially(TestNG.java:1301)
at org.testng.TestNG.runSuitesLocally(TestNG.java:1228)
at org.testng.TestNG.runSuites(TestNG.java:1134)
at org.testng.TestNG.run(TestNG.java:1101)
at org.testng.remote.AbstractRemoteTestNG.run(AbstractRemoteTestNG.java:115)
at org.testng.remote.RemoteTestNG.initAndRun(RemoteTestNG.java:293)
at org.testng.remote.RemoteTestNG.main(RemoteTestNG.java:91)
]]>
    </failure>
  </testcase> <!-- @BeforeMethod setUpBrowser -->
  <testcase classname="demo.orangehrm.framework.base.BasePage" name="@AfterMethod tearDown" time="0.0">
    <skipped/>
  </testcase> <!-- @AfterMethod tearDown -->
  <testcase classname="demo.orangehrm.framework.application.tests.ApplicationTests" name="resetSearchInPIMForm" time="0.0">
    <skipped/>
  </testcase> <!-- resetSearchInPIMForm -->
  <testcase classname="demo.orangehrm.framework.application.tests.ApplicationTests" name="verifyHomepageMenusInLeftSideBar" time="0.0">
    <ignored/>
  </testcase> <!-- verifyHomepageMenusInLeftSideBar -->
  <testcase classname="demo.orangehrm.framework.application.tests.ApplicationTests" name="addNewEmployeeInPIMpage" time="0.0">
    <ignored/>
  </testcase> <!-- addNewEmployeeInPIMpage -->
  <testcase classname="demo.orangehrm.framework.application.tests.ApplicationTests" name="verifyLogoInLoginPage" time="0.0">
    <ignored/>
  </testcase> <!-- verifyLogoInLoginPage -->
  <testcase classname="demo.orangehrm.framework.application.tests.ApplicationTests" name="searchUserInAdminPage" time="0.0">
    <ignored/>
  </testcase> <!-- searchUserInAdminPage -->
  <testcase classname="demo.orangehrm.framework.application.tests.ApplicationTests" name="loginWithValidCredentials" time="0.0">
    <ignored/>
  </testcase> <!-- loginWithValidCredentials -->
  <testcase classname="demo.orangehrm.framework.application.tests.ApplicationTests" name="verifyForgotPasswordFeature" time="0.0">
    <ignored/>
  </testcase> <!-- verifyForgotPasswordFeature -->
  <testcase classname="demo.orangehrm.framework.application.tests.ApplicationTests" name="updatePersonalInformationinMyInfopage" time="0.0">
    <ignored/>
  </testcase> <!-- updatePersonalInformationinMyInfopage -->
  <testcase classname="demo.orangehrm.framework.application.tests.ApplicationTests" name="loginWithInValidCredentials" time="0.0">
    <ignored/>
  </testcase> <!-- loginWithInValidCredentials -->
  <testcase classname="demo.orangehrm.framework.application.tests.ApplicationTests" name="verifyHeaderCopyRightAndIcons" time="0.0">
    <ignored/>
  </testcase> <!-- verifyHeaderCopyRightAndIcons -->
  <testcase classname="demo.orangehrm.framework.application.tests.ApplicationTests" name="addUserInAdminPage" time="0.0">
    <ignored/>
  </testcase> <!-- addUserInAdminPage -->
  <testcase classname="demo.orangehrm.framework.application.tests.ApplicationTests" name="updateContactInformationInContactInfoPage" time="0.0">
    <ignored/>
  </testcase> <!-- updateContactInformationInContactInfoPage -->
  <testcase classname="demo.orangehrm.framework.application.tests.ApplicationTests" name="resetSearchResults" time="0.0">
    <ignored/>
  </testcase> <!-- resetSearchResults -->
</testsuite> <!-- Default test -->
